2016-09-10 16:49:17,671 [Worker-2] INFO  c.g.t.t.d.PublishedGradleVersions - Gradle version information cache is up-to-date. Trying to read.
2016-10-01 15:16:39,746 [Worker-0] INFO  c.g.t.t.d.PublishedGradleVersions - Gradle version information cache is out-of-date. Trying to update.
2016-10-01 15:39:12,264 [Worker-0] INFO  aQute.bnd.http.HttpClient - Proxy handlers []
2016-10-01 15:39:12,268 [Worker-0] INFO  aQute.bnd.http.HttpClient - URL Connection handlers []
2016-10-01 15:39:12,272 [Worker-0] INFO  a.bnd.build.LoggingProgressPlugin - Download http://repository.amdatu.org/dependencies/index.xml.gz
2016-10-01 15:39:12,272 [Worker-0] INFO  aQute.bnd.http.HttpClient - GET http://repository.amdatu.org/dependencies/index.xml.gz
2016-10-01 15:39:12,476 [Worker-0] INFO  aQute.bnd.http.HttpClient - result TaggedData [tag="3c067-b477-534b0020f5140", code=200, modified=Tue Jun 07 09:17:17 EDT 2016, url=http://repository.amdatu.org/dependencies/index.xml.gz, state=UPDATED]
2016-10-01 15:39:12,780 [Worker-0] INFO  aQute.bnd.http.HttpClient - Proxy handlers []
2016-10-01 15:39:12,780 [Worker-0] INFO  aQute.bnd.http.HttpClient - URL Connection handlers []
2016-10-01 15:39:12,784 [Worker-0] INFO  a.bnd.build.LoggingProgressPlugin - Download http://repository.amdatu.org/snapshot/index.xml.gz
2016-10-01 15:39:12,784 [Worker-0] INFO  aQute.bnd.http.HttpClient - GET http://repository.amdatu.org/snapshot/index.xml.gz
2016-10-01 15:39:12,878 [Worker-0] INFO  aQute.bnd.http.HttpClient - result TaggedData [tag="3421b-4851-4ff672ba83180", code=200, modified=Wed Jul 30 07:08:06 EDT 2014, url=http://repository.amdatu.org/snapshot/index.xml.gz, state=UPDATED]
2016-10-01 15:39:12,897 [Worker-0] INFO  aQute.bnd.http.HttpClient - Proxy handlers []
2016-10-01 15:39:12,897 [Worker-0] INFO  aQute.bnd.http.HttpClient - URL Connection handlers []
2016-10-01 15:39:12,897 [Worker-0] INFO  a.bnd.build.LoggingProgressPlugin - Download http://repository.amdatu.org/release/index.xml.gz
2016-10-01 15:39:12,897 [Worker-0] INFO  aQute.bnd.http.HttpClient - GET http://repository.amdatu.org/release/index.xml.gz
2016-10-01 15:39:12,994 [Worker-0] INFO  aQute.bnd.http.HttpClient - result TaggedData [tag="eb36b-b32a-53b5a24f9cf40", code=200, modified=Wed Aug 31 04:47:17 EDT 2016, url=http://repository.amdatu.org/release/index.xml.gz, state=UPDATED]
2016-10-01 15:39:16,173 [Worker-16] INFO  aQute.bnd.http.HttpClient - Proxy handlers []
2016-10-01 15:39:16,175 [Worker-16] INFO  aQute.bnd.http.HttpClient - URL Connection handlers []
2016-10-01 15:39:16,176 [Worker-16] INFO  a.bnd.build.LoggingProgressPlugin - Download http://repository.amdatu.org/dependencies/index.xml.gz
2016-10-01 15:39:16,176 [Worker-16] INFO  aQute.bnd.http.HttpClient - GET http://repository.amdatu.org/dependencies/index.xml.gz
2016-10-01 15:39:16,271 [Worker-16] INFO  aQute.bnd.http.HttpClient - result TaggedData [tag="3c067-b477-534b0020f5140", code=200, modified=Tue Jun 07 09:17:17 EDT 2016, url=http://repository.amdatu.org/dependencies/index.xml.gz, state=UPDATED]
2016-10-01 15:39:16,403 [Worker-16] INFO  aQute.bnd.http.HttpClient - Proxy handlers []
2016-10-01 15:39:16,403 [Worker-16] INFO  aQute.bnd.http.HttpClient - URL Connection handlers []
2016-10-01 15:39:16,404 [Worker-16] INFO  a.bnd.build.LoggingProgressPlugin - Download http://repository.amdatu.org/snapshot/index.xml.gz
2016-10-01 15:39:16,404 [Worker-16] INFO  aQute.bnd.http.HttpClient - GET http://repository.amdatu.org/snapshot/index.xml.gz
2016-10-01 15:39:16,494 [Worker-16] INFO  aQute.bnd.http.HttpClient - result TaggedData [tag="3421b-4851-4ff672ba83180", code=200, modified=Wed Jul 30 07:08:06 EDT 2014, url=http://repository.amdatu.org/snapshot/index.xml.gz, state=UPDATED]
2016-10-01 15:39:16,512 [Worker-16] INFO  aQute.bnd.http.HttpClient - Proxy handlers []
2016-10-01 15:39:16,513 [Worker-16] INFO  aQute.bnd.http.HttpClient - URL Connection handlers []
2016-10-01 15:39:16,513 [Worker-16] INFO  a.bnd.build.LoggingProgressPlugin - Download http://repository.amdatu.org/release/index.xml.gz
2016-10-01 15:39:16,513 [Worker-16] INFO  aQute.bnd.http.HttpClient - GET http://repository.amdatu.org/release/index.xml.gz
2016-10-01 15:39:16,609 [Worker-16] INFO  aQute.bnd.http.HttpClient - result TaggedData [tag="eb36b-b32a-53b5a24f9cf40", code=200, modified=Wed Aug 31 04:47:17 EDT 2016, url=http://repository.amdatu.org/release/index.xml.gz, state=UPDATED]
2016-10-01 16:19:36,437 [main] INFO  aQute.bnd.http.HttpClient - Proxy handlers []
2016-10-01 16:19:36,437 [main] INFO  aQute.bnd.http.HttpClient - URL Connection handlers []
2016-10-01 16:19:36,438 [main] INFO  a.bnd.build.LoggingProgressPlugin - Download http://repository.amdatu.org/dependencies/org.apache.felix.framework/org.apache.felix.framework-4.0.3.jar
2016-10-01 16:19:36,438 [main] INFO  aQute.bnd.http.HttpClient - GET http://repository.amdatu.org/dependencies/org.apache.felix.framework/org.apache.felix.framework-4.0.3.jar
2016-10-01 16:19:36,777 [main] INFO  aQute.bnd.http.HttpClient - result TaggedData [tag="42143-75885-4d6258a1af880", code=200, modified=Wed Feb 20 05:37:06 EST 2013, url=http://repository.amdatu.org/dependencies/org.apache.felix.framework/org.apache.felix.framework-4.0.3.jar, state=UPDATED]
2016-10-01 16:19:38,163 [main] INFO  aQute.bnd.http.HttpClient - Proxy handlers []
2016-10-01 16:19:38,163 [main] INFO  aQute.bnd.http.HttpClient - URL Connection handlers []
2016-10-01 16:19:38,164 [main] INFO  a.bnd.build.LoggingProgressPlugin - Download http://repository.amdatu.org/dependencies/org.apache.felix.framework/org.apache.felix.framework-4.2.1.jar
2016-10-01 16:19:38,164 [main] INFO  aQute.bnd.http.HttpClient - GET http://repository.amdatu.org/dependencies/org.apache.felix.framework/org.apache.felix.framework-4.2.1.jar
2016-10-01 16:19:38,295 [main] INFO  aQute.bnd.http.HttpClient - result TaggedData [tag="109249-7e3fe-4ebfd98c2d040", code=200, modified=Mon Nov 25 05:12:09 EST 2013, url=http://repository.amdatu.org/dependencies/org.apache.felix.framework/org.apache.felix.framework-4.2.1.jar, state=UPDATED]
2016-10-01 16:19:39,384 [main] INFO  aQute.bnd.http.HttpClient - Proxy handlers []
2016-10-01 16:19:39,384 [main] INFO  aQute.bnd.http.HttpClient - URL Connection handlers []
2016-10-01 16:19:39,384 [main] INFO  a.bnd.build.LoggingProgressPlugin - Download http://repository.amdatu.org/dependencies/org.apache.felix.framework/org.apache.felix.framework-5.2.0.jar
2016-10-01 16:19:39,385 [main] INFO  aQute.bnd.http.HttpClient - GET http://repository.amdatu.org/dependencies/org.apache.felix.framework/org.apache.felix.framework-5.2.0.jar
2016-10-01 16:19:39,551 [main] INFO  aQute.bnd.http.HttpClient - result TaggedData [tag="25a10-a5811-523debd6862c0", code=200, modified=Fri Nov 06 07:54:11 EST 2015, url=http://repository.amdatu.org/dependencies/org.apache.felix.framework/org.apache.felix.framework-5.2.0.jar, state=UPDATED]
2016-10-01 16:22:28,577 [Worker-34] INFO  aQute.bnd.http.HttpClient - Proxy handlers []
2016-10-01 16:22:28,577 [Worker-34] INFO  aQute.bnd.http.HttpClient - URL Connection handlers []
2016-10-01 16:22:28,578 [Worker-34] INFO  a.bnd.build.LoggingProgressPlugin - Download http://repository.amdatu.org/dependencies/osgi.core/osgi.core-5.0.0.jar
2016-10-01 16:22:28,578 [Worker-34] INFO  aQute.bnd.http.HttpClient - GET http://repository.amdatu.org/dependencies/osgi.core/osgi.core-5.0.0.jar
2016-10-01 16:22:29,899 [Worker-34] INFO  aQute.bnd.http.HttpClient - result TaggedData [tag="4c011-661b8-4dacdb9c9bec0", code=200, modified=Sat Apr 20 12:57:07 EDT 2013, url=http://repository.amdatu.org/dependencies/osgi.core/osgi.core-5.0.0.jar, state=UPDATED]
2016-10-01 16:22:30,959 [Worker-34] INFO  aQute.bnd.http.HttpClient - Proxy handlers []
2016-10-01 16:22:30,960 [Worker-34] INFO  aQute.bnd.http.HttpClient - URL Connection handlers []
2016-10-01 16:22:30,960 [Worker-34] INFO  a.bnd.build.LoggingProgressPlugin - Download http://repository.amdatu.org/dependencies/osgi.cmpn/osgi.cmpn-4.3.1.jar
2016-10-01 16:22:30,960 [Worker-34] INFO  aQute.bnd.http.HttpClient - GET http://repository.amdatu.org/dependencies/osgi.cmpn/osgi.cmpn-4.3.1.jar
2016-10-01 16:22:31,105 [Worker-34] INFO  aQute.bnd.http.HttpClient - result TaggedData [tag="42015-b50ef-4dacdb9c9bec0", code=200, modified=Sat Apr 20 12:57:07 EDT 2013, url=http://repository.amdatu.org/dependencies/osgi.cmpn/osgi.cmpn-4.3.1.jar, state=UPDATED]
2016-10-01 16:22:33,310 [Worker-34] INFO  aQute.bnd.http.HttpClient - Proxy handlers []
2016-10-01 16:22:33,310 [Worker-34] INFO  aQute.bnd.http.HttpClient - URL Connection handlers []
2016-10-01 16:22:33,311 [Worker-34] INFO  a.bnd.build.LoggingProgressPlugin - Download http://repository.amdatu.org/dependencies/osgi.enterprise/osgi.enterprise-5.0.0.jar
2016-10-01 16:22:33,311 [Worker-34] INFO  aQute.bnd.http.HttpClient - GET http://repository.amdatu.org/dependencies/osgi.enterprise/osgi.enterprise-5.0.0.jar
2016-10-01 16:22:33,551 [Worker-34] INFO  aQute.bnd.http.HttpClient - result TaggedData [tag="4c014-75112-4dacdb9c9bec0", code=200, modified=Sat Apr 20 12:57:07 EDT 2013, url=http://repository.amdatu.org/dependencies/osgi.enterprise/osgi.enterprise-5.0.0.jar, state=UPDATED]
2016-10-01 16:22:35,161 [Worker-34] INFO  aQute.bnd.http.HttpClient - Proxy handlers []
2016-10-01 16:22:35,162 [Worker-34] INFO  aQute.bnd.http.HttpClient - URL Connection handlers []
2016-10-01 16:22:35,162 [Worker-34] INFO  a.bnd.build.LoggingProgressPlugin - Download http://repository.amdatu.org/dependencies/org.ops4j.pax.logging.pax-logging-api/org.ops4j.pax.logging.pax-logging-api-1.7.0.jar
2016-10-01 16:22:35,162 [Worker-34] INFO  aQute.bnd.http.HttpClient - GET http://repository.amdatu.org/dependencies/org.ops4j.pax.logging.pax-logging-api/org.ops4j.pax.logging.pax-logging-api-1.7.0.jar
2016-10-01 16:22:35,583 [Worker-34] INFO  aQute.bnd.http.HttpClient - result TaggedData [tag="5d359-17274-504241af2b240", code=200, modified=Sun Sep 28 14:13:21 EDT 2014, url=http://repository.amdatu.org/dependencies/org.ops4j.pax.logging.pax-logging-api/org.ops4j.pax.logging.pax-logging-api-1.7.0.jar, state=UPDATED]
2016-10-01 16:22:35,833 [Worker-34] INFO  aQute.bnd.http.HttpClient - Proxy handlers []
2016-10-01 16:22:35,833 [Worker-34] INFO  aQute.bnd.http.HttpClient - URL Connection handlers []
2016-10-01 16:22:35,834 [Worker-34] INFO  a.bnd.build.LoggingProgressPlugin - Download http://repository.amdatu.org/dependencies/org.ops4j.pax.logging.pax-logging-service/org.ops4j.pax.logging.pax-logging-service-1.7.0.jar
2016-10-01 16:22:35,834 [Worker-34] INFO  aQute.bnd.http.HttpClient - GET http://repository.amdatu.org/dependencies/org.ops4j.pax.logging.pax-logging-service/org.ops4j.pax.logging.pax-logging-service-1.7.0.jar
2016-10-01 16:22:36,141 [Worker-34] INFO  aQute.bnd.http.HttpClient - result TaggedData [tag="5d35b-883fc-504241af2b240", code=200, modified=Sun Sep 28 14:13:21 EDT 2014, url=http://repository.amdatu.org/dependencies/org.ops4j.pax.logging.pax-logging-service/org.ops4j.pax.logging.pax-logging-service-1.7.0.jar, state=UPDATED]
2016-10-01 16:22:36,526 [Worker-34] INFO  aQute.bnd.http.HttpClient - Proxy handlers []
2016-10-01 16:22:36,527 [Worker-34] INFO  aQute.bnd.http.HttpClient - URL Connection handlers []
2016-10-01 16:22:36,527 [Worker-34] INFO  a.bnd.build.LoggingProgressPlugin - Download http://repository.amdatu.org/dependencies/org.apache.felix.gogo.runtime/org.apache.felix.gogo.runtime-0.10.0.jar
2016-10-01 16:22:36,527 [Worker-34] INFO  aQute.bnd.http.HttpClient - GET http://repository.amdatu.org/dependencies/org.apache.felix.gogo.runtime/org.apache.felix.gogo.runtime-0.10.0.jar
2016-10-01 16:22:36,691 [Worker-34] INFO  aQute.bnd.http.HttpClient - result TaggedData [tag="3c089-10595-4d4686ec600c0", code=200, modified=Tue Jan 29 02:35:07 EST 2013, url=http://repository.amdatu.org/dependencies/org.apache.felix.gogo.runtime/org.apache.felix.gogo.runtime-0.10.0.jar, state=UPDATED]
2016-10-01 16:22:36,706 [Worker-34] INFO  aQute.bnd.http.HttpClient - Proxy handlers []
2016-10-01 16:22:36,706 [Worker-34] INFO  aQute.bnd.http.HttpClient - URL Connection handlers []
2016-10-01 16:22:36,706 [Worker-34] INFO  a.bnd.build.LoggingProgressPlugin - Download http://repository.amdatu.org/dependencies/org.apache.felix.gogo.shell/org.apache.felix.gogo.shell-0.10.0.jar
2016-10-01 16:22:36,706 [Worker-34] INFO  aQute.bnd.http.HttpClient - GET http://repository.amdatu.org/dependencies/org.apache.felix.gogo.shell/org.apache.felix.gogo.shell-0.10.0.jar
2016-10-01 16:22:36,804 [Worker-34] INFO  aQute.bnd.http.HttpClient - result TaggedData [tag="3c08b-bf6c-4d4686ec600c0", code=200, modified=Tue Jan 29 02:35:07 EST 2013, url=http://repository.amdatu.org/dependencies/org.apache.felix.gogo.shell/org.apache.felix.gogo.shell-0.10.0.jar, state=UPDATED]
2016-10-01 16:22:36,813 [Worker-34] INFO  aQute.bnd.http.HttpClient - Proxy handlers []
2016-10-01 16:22:36,813 [Worker-34] INFO  aQute.bnd.http.HttpClient - URL Connection handlers []
2016-10-01 16:22:36,813 [Worker-34] INFO  a.bnd.build.LoggingProgressPlugin - Download http://repository.amdatu.org/dependencies/org.apache.felix.gogo.command/org.apache.felix.gogo.command-0.12.0.jar
2016-10-01 16:22:36,813 [Worker-34] INFO  aQute.bnd.http.HttpClient - GET http://repository.amdatu.org/dependencies/org.apache.felix.gogo.command/org.apache.felix.gogo.command-0.12.0.jar
2016-10-01 16:22:36,923 [Worker-34] INFO  aQute.bnd.http.HttpClient - result TaggedData [tag="3c087-ca22-4d4686ec600c0", code=200, modified=Tue Jan 29 02:35:07 EST 2013, url=http://repository.amdatu.org/dependencies/org.apache.felix.gogo.command/org.apache.felix.gogo.command-0.12.0.jar, state=UPDATED]
2016-10-01 16:22:36,930 [Worker-34] INFO  aQute.bnd.http.HttpClient - Proxy handlers []
2016-10-01 16:22:36,930 [Worker-34] INFO  aQute.bnd.http.HttpClient - URL Connection handlers []
2016-10-01 16:22:36,931 [Worker-34] INFO  a.bnd.build.LoggingProgressPlugin - Download http://repository.amdatu.org/dependencies/org.apache.felix.configadmin/org.apache.felix.configadmin-1.8.6.jar
2016-10-01 16:22:36,931 [Worker-34] INFO  aQute.bnd.http.HttpClient - GET http://repository.amdatu.org/dependencies/org.apache.felix.configadmin/org.apache.felix.configadmin-1.8.6.jar
2016-10-01 16:22:37,066 [Worker-34] INFO  aQute.bnd.http.HttpClient - result TaggedData [tag="42282-1f953-519e20ca50d40", code=200, modified=Thu Jul 02 06:39:09 EDT 2015, url=http://repository.amdatu.org/dependencies/org.apache.felix.configadmin/org.apache.felix.configadmin-1.8.6.jar, state=UPDATED]
2016-10-01 16:22:37,089 [Worker-34] INFO  aQute.bnd.http.HttpClient - Proxy handlers []
2016-10-01 16:22:37,089 [Worker-34] INFO  aQute.bnd.http.HttpClient - URL Connection handlers []
2016-10-01 16:22:37,090 [Worker-34] INFO  a.bnd.build.LoggingProgressPlugin - Download http://repository.amdatu.org/dependencies/org.apache.felix.eventadmin/org.apache.felix.eventadmin-1.3.2.jar
2016-10-01 16:22:37,090 [Worker-34] INFO  aQute.bnd.http.HttpClient - GET http://repository.amdatu.org/dependencies/org.apache.felix.eventadmin/org.apache.felix.eventadmin-1.3.2.jar
2016-10-01 16:22:37,227 [Worker-34] INFO  aQute.bnd.http.HttpClient - result TaggedData [tag="42155-34dca-4d6265cfc9100", code=200, modified=Wed Feb 20 06:36:04 EST 2013, url=http://repository.amdatu.org/dependencies/org.apache.felix.eventadmin/org.apache.felix.eventadmin-1.3.2.jar, state=UPDATED]
2016-10-01 16:22:37,341 [Worker-34] INFO  aQute.bnd.http.HttpClient - Proxy handlers []
2016-10-01 16:22:37,341 [Worker-34] INFO  aQute.bnd.http.HttpClient - URL Connection handlers []
2016-10-01 16:22:37,342 [Worker-34] INFO  a.bnd.build.LoggingProgressPlugin - Download http://repository.amdatu.org/dependencies/org.apache.felix.http.jetty/org.apache.felix.http.jetty-3.0.2.jar
2016-10-01 16:22:37,342 [Worker-34] INFO  aQute.bnd.http.HttpClient - GET http://repository.amdatu.org/dependencies/org.apache.felix.http.jetty/org.apache.felix.http.jetty-3.0.2.jar
2016-10-01 16:22:37,456 [Worker-34] INFO  aQute.bnd.http.HttpClient - result TaggedData [tag="3c2a0-1aeb15-5150182133240", code=200, modified=Fri May 01 05:05:05 EDT 2015, url=http://repository.amdatu.org/dependencies/org.apache.felix.http.jetty/org.apache.felix.http.jetty-3.0.2.jar, state=UPDATED]
2016-10-01 16:22:38,353 [Worker-34] INFO  aQute.bnd.http.HttpClient - Proxy handlers []
2016-10-01 16:22:38,353 [Worker-34] INFO  aQute.bnd.http.HttpClient - URL Connection handlers []
2016-10-01 16:22:38,353 [Worker-34] INFO  a.bnd.build.LoggingProgressPlugin - Download http://repository.amdatu.org/dependencies/org.apache.felix.metatype/org.apache.felix.metatype-1.0.6.jar
2016-10-01 16:22:38,353 [Worker-34] INFO  aQute.bnd.http.HttpClient - GET http://repository.amdatu.org/dependencies/org.apache.felix.metatype/org.apache.felix.metatype-1.0.6.jar
2016-10-01 16:22:38,470 [Worker-34] INFO  aQute.bnd.http.HttpClient - result TaggedData [tag="3c093-11085-4d4686ec600c0", code=200, modified=Tue Jan 29 02:35:07 EST 2013, url=http://repository.amdatu.org/dependencies/org.apache.felix.metatype/org.apache.felix.metatype-1.0.6.jar, state=UPDATED]
2016-10-01 16:22:38,967 [Worker-34] INFO  aQute.bnd.http.HttpClient - Proxy handlers []
2016-10-01 16:22:38,967 [Worker-34] INFO  aQute.bnd.http.HttpClient - URL Connection handlers []
2016-10-01 16:22:38,967 [Worker-34] INFO  a.bnd.build.LoggingProgressPlugin - Download http://repository.amdatu.org/dependencies/org.apache.felix.fileinstall/org.apache.felix.fileinstall-3.2.6.jar
2016-10-01 16:22:38,967 [Worker-34] INFO  aQute.bnd.http.HttpClient - GET http://repository.amdatu.org/dependencies/org.apache.felix.fileinstall/org.apache.felix.fileinstall-3.2.6.jar
2016-10-01 16:22:39,198 [Worker-34] INFO  aQute.bnd.http.HttpClient - result TaggedData [tag="3c081-17f87-4d4686ec600c0", code=200, modified=Tue Jan 29 02:35:07 EST 2013, url=http://repository.amdatu.org/dependencies/org.apache.felix.fileinstall/org.apache.felix.fileinstall-3.2.6.jar, state=UPDATED]
2016-10-01 16:22:39,415 [Worker-34] INFO  aQute.bnd.http.HttpClient - Proxy handlers []
2016-10-01 16:22:39,415 [Worker-34] INFO  aQute.bnd.http.HttpClient - URL Connection handlers []
2016-10-01 16:22:39,415 [Worker-34] INFO  a.bnd.build.LoggingProgressPlugin - Download http://repository.amdatu.org/dependencies/org.apache.commons.collections/org.apache.commons.collections-3.2.1.jar
2016-10-01 16:22:39,416 [Worker-34] INFO  aQute.bnd.http.HttpClient - GET http://repository.amdatu.org/dependencies/org.apache.commons.collections/org.apache.commons.collections-3.2.1.jar
2016-10-01 16:22:39,583 [Worker-34] INFO  aQute.bnd.http.HttpClient - result TaggedData [tag="42177-8c79d-4d62741de5100", code=200, modified=Wed Feb 20 07:40:04 EST 2013, url=http://repository.amdatu.org/dependencies/org.apache.commons.collections/org.apache.commons.collections-3.2.1.jar, state=UPDATED]
2016-10-01 16:22:40,074 [Worker-34] INFO  aQute.bnd.http.HttpClient - Proxy handlers []
2016-10-01 16:22:40,074 [Worker-34] INFO  aQute.bnd.http.HttpClient - URL Connection handlers []
2016-10-01 16:22:40,075 [Worker-34] INFO  a.bnd.build.LoggingProgressPlugin - Download http://repository.amdatu.org/dependencies/org.apache.commons.lang3/org.apache.commons.lang3-3.1.0.jar
2016-10-01 16:22:40,075 [Worker-34] INFO  aQute.bnd.http.HttpClient - GET http://repository.amdatu.org/dependencies/org.apache.commons.lang3/org.apache.commons.lang3-3.1.0.jar
2016-10-01 16:22:40,193 [Worker-34] INFO  aQute.bnd.http.HttpClient - result TaggedData [tag="4216f-4d19d-4d6272ffcae00", code=200, modified=Wed Feb 20 07:35:04 EST 2013, url=http://repository.amdatu.org/dependencies/org.apache.commons.lang3/org.apache.commons.lang3-3.1.0.jar, state=UPDATED]
2016-10-01 16:22:40,401 [Worker-34] INFO  aQute.bnd.http.HttpClient - Proxy handlers []
2016-10-01 16:22:40,401 [Worker-34] INFO  aQute.bnd.http.HttpClient - URL Connection handlers []
2016-10-01 16:22:40,402 [Worker-34] INFO  a.bnd.build.LoggingProgressPlugin - Download http://repository.amdatu.org/dependencies/org.apache.felix.dependencymanager/org.apache.felix.dependencymanager-3.1.0.jar
2016-10-01 16:22:40,402 [Worker-34] INFO  aQute.bnd.http.HttpClient - GET http://repository.amdatu.org/dependencies/org.apache.felix.dependencymanager/org.apache.felix.dependencymanager-3.1.0.jar
2016-10-01 16:22:40,529 [Worker-34] INFO  aQute.bnd.http.HttpClient - result TaggedData [tag="40102-2a8cb-4d4af01f45e00", code=200, modified=Fri Feb 01 14:47:04 EST 2013, url=http://repository.amdatu.org/dependencies/org.apache.felix.dependencymanager/org.apache.felix.dependencymanager-3.1.0.jar, state=UPDATED]
2016-10-01 16:22:40,635 [Worker-34] INFO  aQute.bnd.http.HttpClient - Proxy handlers []
2016-10-01 16:22:40,636 [Worker-34] INFO  aQute.bnd.http.HttpClient - URL Connection handlers []
2016-10-01 16:22:40,636 [Worker-34] INFO  a.bnd.build.LoggingProgressPlugin - Download http://repository.amdatu.org/dependencies/org.apache.felix.dependencymanager.runtime/org.apache.felix.dependencymanager.runtime-3.1.0.jar
2016-10-01 16:22:40,636 [Worker-34] INFO  aQute.bnd.http.HttpClient - GET http://repository.amdatu.org/dependencies/org.apache.felix.dependencymanager.runtime/org.apache.felix.dependencymanager.runtime-3.1.0.jar
2016-10-01 16:22:40,749 [Worker-34] INFO  aQute.bnd.http.HttpClient - result TaggedData [tag="3c07c-18cc1-4d4686ec600c0", code=200, modified=Tue Jan 29 02:35:07 EST 2013, url=http://repository.amdatu.org/dependencies/org.apache.felix.dependencymanager.runtime/org.apache.felix.dependencymanager.runtime-3.1.0.jar, state=UPDATED]
2016-10-01 16:22:40,767 [Worker-34] INFO  aQute.bnd.http.HttpClient - Proxy handlers []
2016-10-01 16:22:40,767 [Worker-34] INFO  aQute.bnd.http.HttpClient - URL Connection handlers []
2016-10-01 16:22:40,768 [Worker-34] INFO  a.bnd.build.LoggingProgressPlugin - Download http://repository.amdatu.org/dependencies/org.apache.felix.dependencymanager/org.apache.felix.dependencymanager-4.3.0.jar
2016-10-01 16:22:40,768 [Worker-34] INFO  aQute.bnd.http.HttpClient - GET http://repository.amdatu.org/dependencies/org.apache.felix.dependencymanager/org.apache.felix.dependencymanager-4.3.0.jar
2016-10-01 16:22:40,914 [Worker-34] INFO  aQute.bnd.http.HttpClient - result TaggedData [tag="a505b-3abf3-5346e35f74e00", code=200, modified=Sat Jun 04 02:47:20 EDT 2016, url=http://repository.amdatu.org/dependencies/org.apache.felix.dependencymanager/org.apache.felix.dependencymanager-4.3.0.jar, state=UPDATED]
2016-10-01 16:22:41,034 [Worker-34] INFO  aQute.bnd.http.HttpClient - Proxy handlers []
2016-10-01 16:22:41,034 [Worker-34] INFO  aQute.bnd.http.HttpClient - URL Connection handlers []
2016-10-01 16:22:41,034 [Worker-34] INFO  a.bnd.build.LoggingProgressPlugin - Download http://repository.amdatu.org/dependencies/org.apache.felix.dependencymanager.runtime/org.apache.felix.dependencymanager.runtime-4.0.3.jar
2016-10-01 16:22:41,034 [Worker-34] INFO  aQute.bnd.http.HttpClient - GET http://repository.amdatu.org/dependencies/org.apache.felix.dependencymanager.runtime/org.apache.felix.dependencymanager.runtime-4.0.3.jar
2016-10-01 16:22:41,174 [Worker-34] INFO  aQute.bnd.http.HttpClient - result TaggedData [tag="3c145-1a79f-5346e35f74e00", code=200, modified=Sat Jun 04 02:47:20 EDT 2016, url=http://repository.amdatu.org/dependencies/org.apache.felix.dependencymanager.runtime/org.apache.felix.dependencymanager.runtime-4.0.3.jar, state=UPDATED]
2016-10-01 16:22:41,189 [Worker-34] INFO  aQute.bnd.http.HttpClient - Proxy handlers []
2016-10-01 16:22:41,189 [Worker-34] INFO  aQute.bnd.http.HttpClient - URL Connection handlers []
2016-10-01 16:22:41,189 [Worker-34] INFO  a.bnd.build.LoggingProgressPlugin - Download http://repository.amdatu.org/dependencies/org.apache.felix.dependencymanager.shell/org.apache.felix.dependencymanager.shell-4.0.4.jar
2016-10-01 16:22:41,189 [Worker-34] INFO  aQute.bnd.http.HttpClient - GET http://repository.amdatu.org/dependencies/org.apache.felix.dependencymanager.shell/org.apache.felix.dependencymanager.shell-4.0.4.jar
2016-10-01 16:22:41,316 [Worker-34] INFO  aQute.bnd.http.HttpClient - result TaggedData [tag="3c146-52f7-5346e35f74e00", code=200, modified=Sat Jun 04 02:47:20 EDT 2016, url=http://repository.amdatu.org/dependencies/org.apache.felix.dependencymanager.shell/org.apache.felix.dependencymanager.shell-4.0.4.jar, state=UPDATED]
2016-10-01 16:22:41,320 [Worker-34] INFO  aQute.bnd.http.HttpClient - Proxy handlers []
2016-10-01 16:22:41,321 [Worker-34] INFO  aQute.bnd.http.HttpClient - URL Connection handlers []
2016-10-01 16:22:41,321 [Worker-34] INFO  a.bnd.build.LoggingProgressPlugin - Download http://repository.amdatu.org/dependencies/org.apache.felix.http.api/org.apache.felix.http.api-2.3.2.jar
2016-10-01 16:22:41,321 [Worker-34] INFO  aQute.bnd.http.HttpClient - GET http://repository.amdatu.org/dependencies/org.apache.felix.http.api/org.apache.felix.http.api-2.3.2.jar
2016-10-01 16:22:41,449 [Worker-34] INFO  aQute.bnd.http.HttpClient - result TaggedData [tag="106d2-2b3a-5150182133240", code=200, modified=Fri May 01 05:05:05 EDT 2015, url=http://repository.amdatu.org/dependencies/org.apache.felix.http.api/org.apache.felix.http.api-2.3.2.jar, state=UPDATED]
2016-10-01 16:22:41,453 [Worker-34] INFO  aQute.bnd.http.HttpClient - Proxy handlers []
2016-10-01 16:22:41,453 [Worker-34] INFO  aQute.bnd.http.HttpClient - URL Connection handlers []
2016-10-01 16:22:41,454 [Worker-34] INFO  a.bnd.build.LoggingProgressPlugin - Download http://repository.amdatu.org/dependencies/org.apache.felix.http.whiteboard/org.apache.felix.http.whiteboard-2.3.2.jar
2016-10-01 16:22:41,454 [Worker-34] INFO  aQute.bnd.http.HttpClient - GET http://repository.amdatu.org/dependencies/org.apache.felix.http.whiteboard/org.apache.felix.http.whiteboard-2.3.2.jar
2016-10-01 16:22:41,557 [Worker-34] INFO  aQute.bnd.http.HttpClient - result TaggedData [tag="3c2a1-9c2d-5150182133240", code=200, modified=Fri May 01 05:05:05 EDT 2015, url=http://repository.amdatu.org/dependencies/org.apache.felix.http.whiteboard/org.apache.felix.http.whiteboard-2.3.2.jar, state=UPDATED]
2016-10-01 16:22:41,564 [Worker-34] INFO  aQute.bnd.http.HttpClient - Proxy handlers []
2016-10-01 16:22:41,565 [Worker-34] INFO  aQute.bnd.http.HttpClient - URL Connection handlers []
2016-10-01 16:22:41,565 [Worker-34] INFO  a.bnd.build.LoggingProgressPlugin - Download http://repository.amdatu.org/dependencies/org.apache.felix.http.servlet-api/org.apache.felix.http.servlet-api-1.1.2.jar
2016-10-01 16:22:41,565 [Worker-34] INFO  aQute.bnd.http.HttpClient - GET http://repository.amdatu.org/dependencies/org.apache.felix.http.servlet-api/org.apache.felix.http.servlet-api-1.1.2.jar
2016-10-01 16:22:41,694 [Worker-34] INFO  aQute.bnd.http.HttpClient - result TaggedData [tag="417b0-3b718-521fd81b33080", code=200, modified=Tue Oct 13 10:46:10 EDT 2015, url=http://repository.amdatu.org/dependencies/org.apache.felix.http.servlet-api/org.apache.felix.http.servlet-api-1.1.2.jar, state=UPDATED]
2016-10-01 16:22:41,807 [Worker-34] INFO  aQute.bnd.http.HttpClient - Proxy handlers []
2016-10-01 16:22:41,807 [Worker-34] INFO  aQute.bnd.http.HttpClient - URL Connection handlers []
2016-10-01 16:22:41,808 [Worker-34] INFO  a.bnd.build.LoggingProgressPlugin - Download http://repository.amdatu.org/dependencies/com.fasterxml.jackson.jaxrs.jackson-jaxrs-base/com.fasterxml.jackson.jaxrs.jackson-jaxrs-base-2.3.0.jar
2016-10-01 16:22:41,808 [Worker-34] INFO  aQute.bnd.http.HttpClient - GET http://repository.amdatu.org/dependencies/com.fasterxml.jackson.jaxrs.jackson-jaxrs-base/com.fasterxml.jackson.jaxrs.jackson-jaxrs-base-2.3.0.jar
2016-10-01 16:22:41,934 [Worker-34] INFO  aQute.bnd.http.HttpClient - result TaggedData [tag="4563b-5f5c-4f2af7ff7fdc0", code=200, modified=Tue Feb 18 09:58:07 EST 2014, url=http://repository.amdatu.org/dependencies/com.fasterxml.jackson.jaxrs.jackson-jaxrs-base/com.fasterxml.jackson.jaxrs.jackson-jaxrs-base-2.3.0.jar, state=UPDATED]
2016-10-01 16:22:41,940 [Worker-34] INFO  aQute.bnd.http.HttpClient - Proxy handlers []
2016-10-01 16:22:41,941 [Worker-34] INFO  aQute.bnd.http.HttpClient - URL Connection handlers []
2016-10-01 16:22:41,941 [Worker-34] INFO  a.bnd.build.LoggingProgressPlugin - Download http://repository.amdatu.org/dependencies/com.fasterxml.jackson.jaxrs.jackson-jaxrs-json-provider/com.fasterxml.jackson.jaxrs.jackson-jaxrs-json-provider-2.3.0.jar
2016-10-01 16:22:41,941 [Worker-34] INFO  aQute.bnd.http.HttpClient - GET http://repository.amdatu.org/dependencies/com.fasterxml.jackson.jaxrs.jackson-jaxrs-json-provider/com.fasterxml.jackson.jaxrs.jackson-jaxrs-json-provider-2.3.0.jar
2016-10-01 16:22:42,048 [Worker-34] INFO  aQute.bnd.http.HttpClient - result TaggedData [tag="4563d-3bd1-4f2af7ff7fdc0", code=200, modified=Tue Feb 18 09:58:07 EST 2014, url=http://repository.amdatu.org/dependencies/com.fasterxml.jackson.jaxrs.jackson-jaxrs-json-provider/com.fasterxml.jackson.jaxrs.jackson-jaxrs-json-provider-2.3.0.jar, state=UPDATED]
2016-10-01 16:22:42,051 [Worker-34] INFO  aQute.bnd.http.HttpClient - Proxy handlers []
2016-10-01 16:22:42,051 [Worker-34] INFO  aQute.bnd.http.HttpClient - URL Connection handlers []
2016-10-01 16:22:42,051 [Worker-34] INFO  a.bnd.build.LoggingProgressPlugin - Download http://repository.amdatu.org/release/org.amdatu.web.resourcehandler/org.amdatu.web.resourcehandler-1.0.9.jar
2016-10-01 16:22:42,051 [Worker-34] INFO  aQute.bnd.http.HttpClient - GET http://repository.amdatu.org/release/org.amdatu.web.resourcehandler/org.amdatu.web.resourcehandler-1.0.9.jar
2016-10-01 16:22:42,200 [Worker-34] INFO  aQute.bnd.http.HttpClient - result TaggedData [tag="4a1df-9f53-52b5c61105840", code=200, modified=Tue Feb 09 15:44:09 EST 2016, url=http://repository.amdatu.org/release/org.amdatu.web.resourcehandler/org.amdatu.web.resourcehandler-1.0.9.jar, state=UPDATED]
2016-10-01 16:22:42,208 [Worker-34] INFO  aQute.bnd.http.HttpClient - Proxy handlers []
2016-10-01 16:22:42,208 [Worker-34] INFO  aQute.bnd.http.HttpClient - URL Connection handlers []
2016-10-01 16:22:42,208 [Worker-34] INFO  a.bnd.build.LoggingProgressPlugin - Download http://repository.amdatu.org/release/org.amdatu.template/org.amdatu.template-1.0.1.jar
2016-10-01 16:22:42,208 [Worker-34] INFO  aQute.bnd.http.HttpClient - GET http://repository.amdatu.org/release/org.amdatu.template/org.amdatu.template-1.0.1.jar
2016-10-01 16:22:42,346 [Worker-34] INFO  aQute.bnd.http.HttpClient - result TaggedData [tag="87db7-1435da-514b21a728400", code=200, modified=Mon Apr 27 06:21:04 EDT 2015, url=http://repository.amdatu.org/release/org.amdatu.template/org.amdatu.template-1.0.1.jar, state=UPDATED]
2016-10-01 16:22:43,128 [Worker-34] INFO  aQute.bnd.http.HttpClient - Proxy handlers []
2016-10-01 16:22:43,128 [Worker-34] INFO  aQute.bnd.http.HttpClient - URL Connection handlers []
2016-10-01 16:22:43,128 [Worker-34] INFO  a.bnd.build.LoggingProgressPlugin - Download http://repository.amdatu.org/release/org.amdatu.web.rest.jaxrs/org.amdatu.web.rest.jaxrs-1.1.0.jar
2016-10-01 16:22:43,128 [Worker-34] INFO  aQute.bnd.http.HttpClient - GET http://repository.amdatu.org/release/org.amdatu.web.rest.jaxrs/org.amdatu.web.rest.jaxrs-1.1.0.jar
2016-10-01 16:22:43,252 [Worker-34] INFO  aQute.bnd.http.HttpClient - result TaggedData [tag="3627c-e48e-53b5a24f9cf40", code=200, modified=Wed Aug 31 04:47:17 EDT 2016, url=http://repository.amdatu.org/release/org.amdatu.web.rest.jaxrs/org.amdatu.web.rest.jaxrs-1.1.0.jar, state=UPDATED]
2016-10-01 16:22:43,262 [Worker-34] INFO  aQute.bnd.http.HttpClient - Proxy handlers []
2016-10-01 16:22:43,263 [Worker-34] INFO  aQute.bnd.http.HttpClient - URL Connection handlers []
2016-10-01 16:22:43,263 [Worker-34] INFO  a.bnd.build.LoggingProgressPlugin - Download http://repository.amdatu.org/release/org.amdatu.web.rest.wink/org.amdatu.web.rest.wink-2.0.4.jar
2016-10-01 16:22:43,263 [Worker-34] INFO  aQute.bnd.http.HttpClient - GET http://repository.amdatu.org/release/org.amdatu.web.rest.wink/org.amdatu.web.rest.wink-2.0.4.jar
2016-10-01 16:22:43,466 [Worker-34] INFO  aQute.bnd.http.HttpClient - result TaggedData [tag="3626a-17c2dd-52b5c61105840", code=200, modified=Tue Feb 09 15:44:09 EST 2016, url=http://repository.amdatu.org/release/org.amdatu.web.rest.wink/org.amdatu.web.rest.wink-2.0.4.jar, state=UPDATED]
2016-10-01 16:22:44,457 [Worker-34] INFO  aQute.bnd.http.HttpClient - Proxy handlers []
2016-10-01 16:22:44,458 [Worker-34] INFO  aQute.bnd.http.HttpClient - URL Connection handlers []
2016-10-01 16:22:44,458 [Worker-34] INFO  a.bnd.build.LoggingProgressPlugin - Download http://repository.amdatu.org/dependencies/org.apache.openjpa/org.apache.openjpa-2.4.0.jar
2016-10-01 16:22:44,458 [Worker-34] INFO  aQute.bnd.http.HttpClient - GET http://repository.amdatu.org/dependencies/org.apache.openjpa/org.apache.openjpa-2.4.0.jar
2016-10-01 16:22:44,651 [Worker-34] INFO  aQute.bnd.http.HttpClient - result TaggedData [tag="4f911-47c99e-504241ae37000", code=200, modified=Sun Sep 28 14:13:20 EDT 2014, url=http://repository.amdatu.org/dependencies/org.apache.openjpa/org.apache.openjpa-2.4.0.jar, state=UPDATED]
2016-10-01 16:22:47,389 [Worker-34] INFO  aQute.bnd.http.HttpClient - Proxy handlers []
2016-10-01 16:22:47,389 [Worker-34] INFO  aQute.bnd.http.HttpClient - URL Connection handlers []
2016-10-01 16:22:47,390 [Worker-34] INFO  a.bnd.build.LoggingProgressPlugin - Download http://repository.amdatu.org/dependencies/org.apache.commons.lang/org.apache.commons.lang-2.6.0.jar
2016-10-01 16:22:47,390 [Worker-34] INFO  aQute.bnd.http.HttpClient - GET http://repository.amdatu.org/dependencies/org.apache.commons.lang/org.apache.commons.lang-2.6.0.jar
2016-10-01 16:22:47,536 [Worker-34] INFO  aQute.bnd.http.HttpClient - result TaggedData [tag="4f90a-4563c-504241ae37000", code=200, modified=Sun Sep 28 14:13:20 EDT 2014, url=http://repository.amdatu.org/dependencies/org.apache.commons.lang/org.apache.commons.lang-2.6.0.jar, state=UPDATED]
2016-10-01 16:22:47,652 [Worker-34] INFO  aQute.bnd.http.HttpClient - Proxy handlers []
2016-10-01 16:22:47,652 [Worker-34] INFO  aQute.bnd.http.HttpClient - URL Connection handlers []
2016-10-01 16:22:47,653 [Worker-34] INFO  a.bnd.build.LoggingProgressPlugin - Download http://repository.amdatu.org/dependencies/org.apache.commons.pool/org.apache.commons.pool-1.5.4.jar
2016-10-01 16:22:47,653 [Worker-34] INFO  aQute.bnd.http.HttpClient - GET http://repository.amdatu.org/dependencies/org.apache.commons.pool/org.apache.commons.pool-1.5.4.jar
2016-10-01 16:22:47,747 [Worker-34] INFO  aQute.bnd.http.HttpClient - result TaggedData [tag="4f90c-177dd-504241ae37000", code=200, modified=Sun Sep 28 14:13:20 EDT 2014, url=http://repository.amdatu.org/dependencies/org.apache.commons.pool/org.apache.commons.pool-1.5.4.jar, state=UPDATED]
2016-10-01 16:22:47,763 [Worker-34] INFO  aQute.bnd.http.HttpClient - Proxy handlers []
2016-10-01 16:22:47,763 [Worker-34] INFO  aQute.bnd.http.HttpClient - URL Connection handlers []
2016-10-01 16:22:47,763 [Worker-34] INFO  a.bnd.build.LoggingProgressPlugin - Download http://repository.amdatu.org/release/org.amdatu.jta.api/org.amdatu.jta.api-1.0.0.jar
2016-10-01 16:22:47,764 [Worker-34] INFO  aQute.bnd.http.HttpClient - GET http://repository.amdatu.org/release/org.amdatu.jta.api/org.amdatu.jta.api-1.0.0.jar
2016-10-01 16:22:47,906 [Worker-34] INFO  aQute.bnd.http.HttpClient - result TaggedData [tag="5bad4-26c8-50f39c843eac0", code=200, modified=Mon Feb 16 14:42:11 EST 2015, url=http://repository.amdatu.org/release/org.amdatu.jta.api/org.amdatu.jta.api-1.0.0.jar, state=UPDATED]
2016-10-01 16:22:47,908 [Worker-34] INFO  aQute.bnd.http.HttpClient - Proxy handlers []
2016-10-01 16:22:47,908 [Worker-34] INFO  aQute.bnd.http.HttpClient - URL Connection handlers []
2016-10-01 16:22:47,908 [Worker-34] INFO  a.bnd.build.LoggingProgressPlugin - Download http://repository.amdatu.org/release/org.amdatu.database.schemamigration/org.amdatu.database.schemamigration-2.0.1.jar
2016-10-01 16:22:47,908 [Worker-34] INFO  aQute.bnd.http.HttpClient - GET http://repository.amdatu.org/release/org.amdatu.database.schemamigration/org.amdatu.database.schemamigration-2.0.1.jar
2016-10-01 16:22:48,069 [Worker-34] INFO  aQute.bnd.http.HttpClient - result TaggedData [tag="5d99b-424a2-50f39c843eac0", code=200, modified=Mon Feb 16 14:42:11 EST 2015, url=http://repository.amdatu.org/release/org.amdatu.database.schemamigration/org.amdatu.database.schemamigration-2.0.1.jar, state=UPDATED]
2016-10-01 16:22:48,181 [Worker-34] INFO  aQute.bnd.http.HttpClient - Proxy handlers []
2016-10-01 16:22:48,181 [Worker-34] INFO  aQute.bnd.http.HttpClient - URL Connection handlers []
2016-10-01 16:22:48,182 [Worker-34] INFO  a.bnd.build.LoggingProgressPlugin - Download http://repository.amdatu.org/release/org.amdatu.web.rest.doc/org.amdatu.web.rest.doc-1.2.3.jar
2016-10-01 16:22:48,182 [Worker-34] INFO  aQute.bnd.http.HttpClient - GET http://repository.amdatu.org/release/org.amdatu.web.rest.doc/org.amdatu.web.rest.doc-1.2.3.jar
2016-10-01 16:22:48,285 [Worker-34] INFO  aQute.bnd.http.HttpClient - result TaggedData [tag="4a1e2-23d6-52b5c61105840", code=200, modified=Tue Feb 09 15:44:09 EST 2016, url=http://repository.amdatu.org/release/org.amdatu.web.rest.doc/org.amdatu.web.rest.doc-1.2.3.jar, state=UPDATED]
2016-10-01 16:22:48,287 [Worker-34] INFO  aQute.bnd.http.HttpClient - Proxy handlers []
2016-10-01 16:22:48,287 [Worker-34] INFO  aQute.bnd.http.HttpClient - URL Connection handlers []
2016-10-01 16:22:48,287 [Worker-34] INFO  a.bnd.build.LoggingProgressPlugin - Download http://repository.amdatu.org/release/org.amdatu.web.rest.doc.swagger/org.amdatu.web.rest.doc.swagger-1.0.4.jar
2016-10-01 16:22:48,287 [Worker-34] INFO  aQute.bnd.http.HttpClient - GET http://repository.amdatu.org/release/org.amdatu.web.rest.doc.swagger/org.amdatu.web.rest.doc.swagger-1.0.4.jar
2016-10-01 16:22:48,412 [Worker-34] INFO  aQute.bnd.http.HttpClient - result TaggedData [tag="4a626-38d7b-4ed3fc85b6cc0", code=200, modified=Wed Dec 11 05:35:07 EST 2013, url=http://repository.amdatu.org/release/org.amdatu.web.rest.doc.swagger/org.amdatu.web.rest.doc.swagger-1.0.4.jar, state=UPDATED]
2016-10-01 16:22:48,520 [Worker-34] INFO  aQute.bnd.http.HttpClient - Proxy handlers []
2016-10-01 16:22:48,520 [Worker-34] INFO  aQute.bnd.http.HttpClient - URL Connection handlers []
2016-10-01 16:22:48,520 [Worker-34] INFO  a.bnd.build.LoggingProgressPlugin - Download http://repository.amdatu.org/release/org.amdatu.web.rest.doc.swagger.ui/org.amdatu.web.rest.doc.swagger.ui-1.0.4.jar
2016-10-01 16:22:48,520 [Worker-34] INFO  aQute.bnd.http.HttpClient - GET http://repository.amdatu.org/release/org.amdatu.web.rest.doc.swagger.ui/org.amdatu.web.rest.doc.swagger.ui-1.0.4.jar
2016-10-01 16:22:48,662 [Worker-34] INFO  aQute.bnd.http.HttpClient - result TaggedData [tag="4ba09-28f92-5011f8e62b200", code=200, modified=Thu Aug 21 04:32:08 EDT 2014, url=http://repository.amdatu.org/release/org.amdatu.web.rest.doc.swagger.ui/org.amdatu.web.rest.doc.swagger.ui-1.0.4.jar, state=UPDATED]
